21/12/2021 15:49:34	This log contains information about the import schema operation into project 'EmployeeApi.Db' on computer 'PALADOR-L02' by user 'PALADOR-L02'.
21/12/2021 15:49:34	Import of database schema has started.
21/12/2021 15:49:34	Gathering database credentials
21/12/2021 15:49:34	Gathering database options
21/12/2021 15:49:34	Gathering generic database scoped configuration option
21/12/2021 15:49:34	Gathering users
21/12/2021 15:49:34	Gathering roles
21/12/2021 15:49:34	Gathering application roles
21/12/2021 15:49:34	Gathering role memberships
21/12/2021 15:49:34	Gathering filegroups
21/12/2021 15:49:34	Gathering full-text catalogs
21/12/2021 15:49:34	Gathering assemblies
21/12/2021 15:49:34	Gathering certificates
21/12/2021 15:49:34	Gathering asymmetric keys
21/12/2021 15:49:34	Gathering symmetric keys
21/12/2021 15:49:34	Gathering encrypted symmetric keys
21/12/2021 15:49:34	Gathering schemas
21/12/2021 15:49:34	Gathering XML schema collections
21/12/2021 15:49:34	Gathering user-defined data types
21/12/2021 15:49:34	Gathering user-defined types
21/12/2021 15:49:34	Gathering table types
21/12/2021 15:49:35	Gathering unique keys for table types
21/12/2021 15:49:35	Gathering primary keys for table types
21/12/2021 15:49:35	Gathering indexes for table types
21/12/2021 15:49:35	Gathering check constraints for table types
21/12/2021 15:49:35	Gathering default constraints for table types
21/12/2021 15:49:35	Gathering partition functions
21/12/2021 15:49:35	Gathering partition schemes
21/12/2021 15:49:35	Gathering functions
21/12/2021 15:49:35	Gathering encrypted functions
21/12/2021 15:49:35	Gathering aggregates
21/12/2021 15:49:35	Gathering procedures
21/12/2021 15:49:35	Gathering encrypted procedures
21/12/2021 15:49:35	Gathering tables
21/12/2021 15:49:35	Gathering primary keys
21/12/2021 15:49:35	Gathering unique constraints
21/12/2021 15:49:35	Gathering foreign keys
21/12/2021 15:49:35	Gathering default constraints
21/12/2021 15:49:35	Gathering check constraints
21/12/2021 15:49:35	Gathering views
21/12/2021 15:49:35	Gathering encrypted views
21/12/2021 15:49:35	Gathering indexes
21/12/2021 15:49:35	Gathering statistics
21/12/2021 15:49:35	Gathering full-text index stoplists
21/12/2021 15:49:35	Gathering search property lists
21/12/2021 15:49:35	Gathering search properties
21/12/2021 15:49:35	Gathering full-text indexes
21/12/2021 15:49:35	Gathering column store indexes
21/12/2021 15:49:35	Gathering spatial indexes
21/12/2021 15:49:35	Gathering XML indexes
21/12/2021 15:49:35	Gathering Selective XML indexes
21/12/2021 15:49:35	Gathering encrypted triggers
21/12/2021 15:49:35	Gathering triggers
21/12/2021 15:49:35	Gathering encrypted and clr ddl triggers
21/12/2021 15:49:35	Gathering ddl triggers
21/12/2021 15:49:35	Creating edge constraints
21/12/2021 15:49:35	Gathering synonyms
21/12/2021 15:49:35	Gathering defaults
21/12/2021 15:49:35	Gathering data constraint uddt bindings
21/12/2021 15:49:35	Gathering rules
21/12/2021 15:49:35	Gathering data constraint uddt bindings
21/12/2021 15:49:35	Gathering message types
21/12/2021 15:49:35	Gathering queues
21/12/2021 15:49:35	Gathering contracts
21/12/2021 15:49:35	Gathering services
21/12/2021 15:49:35	Gathering event notifications
21/12/2021 15:49:35	Gathering remote service bindings
21/12/2021 15:49:35	Gathering broker priorities
21/12/2021 15:49:35	Gathering signatures
21/12/2021 15:49:35	Gathering data compression options
21/12/2021 15:49:35	Gathering sequence types
21/12/2021 15:49:35	Gathering security policies
21/12/2021 15:49:35	Gather column encryption keys
21/12/2021 15:49:35	Gathering column master keys
21/12/2021 15:49:35	Gathering external data sources
21/12/2021 15:49:35	Gathering external file formats
21/12/2021 15:49:35	Gathering external tables
21/12/2021 15:49:35	Gathering extended properties
21/12/2021 15:49:35	Gathering assemblies
21/12/2021 15:49:35	Gathering credentials
21/12/2021 15:49:35	Gathering logins
21/12/2021 15:49:35	Gathering server audits
21/12/2021 15:49:36	Scanning project for duplicate elements
21/12/2021 15:49:36	Finished duplicate element processing
21/12/2021 15:49:36	Finished importing database.
21/12/2021 15:49:36	A summary of the import was saved to the following location: D:\work-maulia\dotnetcore\CRUDEmployee\CRUDEmployee\EmployeeApi.Db\Import Schema Logs\EmployeeApi.Db_20211221084934.log
21/12/2021 15:49:36	Click Finish to continue...
